[2024-05-04 13:07:31,948: INFO: main: Wlcm to cnn classifer]
[2024-05-04 13:17:38,793: INFO: main: Wlcm to cnn classifer]
[2024-05-06 20:51:44,613: INFO: main: >>> Stage Data Ingestion Stage started <<<]
[2024-05-06 20:51:44,615: ERROR: main: [Errno 2] No such file or directory: '../config/config.yaml']
Traceback (most recent call last):
  File "main.py", line 10, in <module>
    obj.main()
  File "/home/deltan/Documents/mlflow/Chest-cancer-classification-MLOps/src/cnnClassifier/pipeline/stage_01_data_ingestion.py", line 13, in main
    config = ConfigurationManager()
  File "/home/deltan/Documents/mlflow/Chest-cancer-classification-MLOps/src/cnnClassifier/config/configuration.py", line 12, in __init__
    self.config = read_yaml(config_filepath)
  File "/home/deltan/anaconda3/envs/chestCancer/lib/python3.8/site-packages/ensure/main.py", line 849, in __call__
    return_val = self.f(*args, **kwargs)
  File "/home/deltan/Documents/mlflow/Chest-cancer-classification-MLOps/src/cnnClassifier/utils/common.py", line 37, in read_yaml
    raise e
  File "/home/deltan/Documents/mlflow/Chest-cancer-classification-MLOps/src/cnnClassifier/utils/common.py", line 30, in read_yaml
    with open(path_to_yaml) as yaml_file:
FileNotFoundError: [Errno 2] No such file or directory: '../config/config.yaml'
[2024-05-06 20:52:31,848: INFO: main: >>> Stage Data Ingestion Stage started <<<]
[2024-05-06 20:52:31,851: INFO: common: yaml file: config/config.yaml loaded successfully]
[2024-05-06 20:52:31,852: INFO: common: yaml file: /home/deltan/Documents/mlflow/Chest-cancer-classification-MLOps/params.yaml loaded successfully]
[2024-05-06 20:52:31,852: INFO: common: created directory at: artifacts]
[2024-05-06 20:52:31,852: INFO: common: created directory at: artifacts/data_ingestion]
[2024-05-06 20:52:31,852: INFO: data_ingestion: Downloading data from https://drive.google.com/file/d/1sCtMkl_HYwhw95D_hM3--f-y6R04q1Aq/view?usp=sharing into file artifacts/data_ingestion/data.zip]
[2024-05-06 20:53:48,642: INFO: data_ingestion: Downloaded data from https://drive.google.com/file/d/1sCtMkl_HYwhw95D_hM3--f-y6R04q1Aq/view?usp=sharing into file artifacts/data_ingestion/data.zip]
[2024-05-06 20:53:50,695: INFO: main: >>> Stage Data Ingestion Stage completed <<<

X=====X]
