[2024-05-06 20:28:15,351: INFO: common: yaml file: /home/deltan/Documents/mlflow/Chest-cancer-classification-MLOps/config/config.yaml loaded successfully]
[2024-05-06 20:28:43,364: INFO: common: yaml file: ../config/config.yaml loaded successfully]
[2024-05-06 20:29:06,708: INFO: common: yaml file: ../config/config.yaml loaded successfully]
[2024-05-06 20:29:20,971: INFO: common: yaml file: ../config/config.yaml loaded successfully]
[2024-05-06 20:29:43,934: INFO: common: yaml file: ../config/config.yaml loaded successfully]
[2024-05-06 20:30:42,890: INFO: common: yaml file: ../config/config.yaml loaded successfully]
[2024-05-06 20:31:16,510: INFO: common: yaml file: ../config/config.yaml loaded successfully]
[2024-05-06 20:34:52,074: INFO: common: yaml file: ../config/config.yaml loaded successfully]
[2024-05-06 20:35:17,239: INFO: common: yaml file: ../config/config.yaml loaded successfully]
[2024-05-06 20:35:45,483: INFO: common: yaml file: ../config/config.yaml loaded successfully]
[2024-05-06 20:36:25,983: INFO: common: yaml file: ../config/config.yaml loaded successfully]
[2024-05-06 20:36:34,822: INFO: common: yaml file: ../config/config.yaml loaded successfully]
[2024-05-06 20:36:34,832: INFO: common: yaml file: /home/deltan/Documents/mlflow/Chest-cancer-classification-MLOps/params.yaml loaded successfully]
[2024-05-06 20:36:34,836: INFO: common: created directory at: artifacts]
[2024-05-06 20:36:34,838: INFO: common: created directory at: artifacts/data_ingestion]
[2024-05-06 20:37:58,852: INFO: common: yaml file: ../config/config.yaml loaded successfully]
[2024-05-06 20:37:58,857: INFO: common: yaml file: /home/deltan/Documents/mlflow/Chest-cancer-classification-MLOps/params.yaml loaded successfully]
[2024-05-06 20:37:58,861: INFO: common: created directory at: artifacts]
[2024-05-06 20:37:58,863: INFO: common: created directory at: artifacts/data_ingestion]
[2024-05-06 20:37:58,865: INFO: 729839677: Downloading data from https://drive.google.com/file/d/1sCtMkl_HYwhw95D_hM3--f-y6R04q1Aq/view?usp=sharing into file artifacts/data_ingestion/data.zip]
[2024-05-06 20:38:28,443: INFO: 729839677: Downloaded data from https://drive.google.com/file/d/1sCtMkl_HYwhw95D_hM3--f-y6R04q1Aq/view?usp=sharing into file artifacts/data_ingestion/data.zip]
[2024-05-18 16:37:08,849: INFO: common: yaml file: ../config/config.yaml loaded successfully]
[2024-05-18 16:37:08,854: INFO: common: yaml file: /home/deltan/Documents/Chest-cancer-classification-MLOps/params.yaml loaded successfully]
[2024-05-18 16:37:08,857: INFO: common: created directory at: artifacts]
[2024-05-18 16:50:04,721: INFO: common: yaml file: ../config/config.yaml loaded successfully]
[2024-05-18 16:50:04,727: INFO: common: yaml file: /home/deltan/Documents/Chest-cancer-classification-MLOps/params.yaml loaded successfully]
[2024-05-18 16:50:04,729: INFO: common: created directory at: artifacts]
[2024-05-18 16:51:06,152: INFO: common: json file saved at: scores.json]
[2024-05-18 16:51:14,107: WARNING: save: Found untraced functions such as _jit_compiled_convolution_op, _jit_compiled_convolution_op, _jit_compiled_convolution_op, _jit_compiled_convolution_op, _jit_compiled_convolution_op while saving (showing 5 of 14). These functions will not be directly callable after loading.]
[2024-05-18 16:51:15,679: INFO: builder_impl: Assets written to: /tmp/tmpvoie4xtr/model/data/model/assets]
